[22:52:55] [Server thread/INFO]: Starting minecraft server version 1.8
[22:52:59] [Server thread/INFO]: Loading properties
[22:52:59] [Server thread/WARN]: server.properties does not exist
[22:52:59] [Server thread/INFO]: Generating new properties file
[22:52:59] [Server thread/WARN]: Failed to load eula.txt
[22:52:59] [Server thread/INFO]: You need to agree to the EULA in order to run the server. Go to eula.txt for more info.
[22:55:36] [main/INFO]: Logging in with username & password
[22:56:14] [main/INFO]: Logging in with username & password
[22:56:19] [Client thread/INFO]: Setting user: Caladcholg
[22:56:21] [Client thread/INFO]: LWJGL Version: 2.9.1
[22:56:26] [Client thread/INFO]: Reloading ResourceManager: Default, FMLFileResourcePack:Forge Mod Loader, FMLFileResourcePack:Minecraft Forge, FMLFileResourcePack:Styl&craft
[22:56:28] [Sound Library Loader/INFO]: Starting up SoundSystem...
[22:56:28] [Thread-8/INFO]: Initializing LWJGL OpenAL
[22:56:28] [Thread-8/INFO]: (The LWJGL binding of OpenAL.  For more information, see http://www.lwjgl.org)
[22:56:28] [Thread-8/INFO]: OpenAL initialized.
[22:56:29] [Sound Library Loader/INFO]: Sound engine started
[22:56:37] [Client thread/INFO]: Created: 512x512 textures-atlas
[22:56:38] [Client thread/INFO]: Reloading ResourceManager: Default, FMLFileResourcePack:Forge Mod Loader, FMLFileResourcePack:Minecraft Forge, FMLFileResourcePack:Styl&craft
[22:56:39] [Client thread/INFO]: SoundSystem shutting down...
[22:56:39] [Client thread/WARN]: Author: Paul Lamb, www.paulscode.com
[22:56:39] [Sound Library Loader/INFO]: Starting up SoundSystem...
[22:56:39] [Thread-10/INFO]: Initializing LWJGL OpenAL
[22:56:39] [Thread-10/INFO]: (The LWJGL binding of OpenAL.  For more information, see http://www.lwjgl.org)
[22:56:39] [Thread-10/INFO]: OpenAL initialized.
[22:56:39] [Sound Library Loader/INFO]: Sound engine started
[22:56:44] [Client thread/INFO]: Created: 512x512 textures-atlas
[22:57:03] [Server thread/INFO]: Starting integrated minecraft server version 1.8
[22:57:03] [Server thread/INFO]: Generating keypair
[22:57:04] [Server thread/INFO]: Converting map!
[22:57:04] [Server thread/INFO]: Scanning folders...
[22:57:04] [Server thread/INFO]: Total conversion count is 0
[22:57:04] [Server thread/INFO]: Preparing start region for level 0
[22:57:05] [Server thread/INFO]: Preparing spawn area: 5%
[22:57:06] [Server thread/INFO]: Preparing spawn area: 10%
[22:57:07] [Server thread/INFO]: Preparing spawn area: 18%
[22:57:08] [Server thread/INFO]: Preparing spawn area: 27%
[22:57:09] [Server thread/INFO]: Preparing spawn area: 37%
[22:57:10] [Server thread/INFO]: Preparing spawn area: 48%
[22:57:11] [Server thread/INFO]: Preparing spawn area: 60%
[22:57:12] [Server thread/INFO]: Preparing spawn area: 73%
[22:57:13] [Server thread/INFO]: Preparing spawn area: 84%
[22:57:14] [Server thread/INFO]: Preparing spawn area: 96%
[22:57:15] [Server thread/INFO]: Changing view distance to 12, from 10
[22:57:16] [Server thread/INFO]: Caladcholg[local:E:cf4c7d7e] logged in with entity id 364 at (72.5, 77.0, 238.5)
[22:57:16] [Server thread/INFO]: Caladcholg joined the game
[22:57:20] [Server thread/WARN]: Can't keep up! Did the system time change, or is the server overloaded? Running 4100ms behind, skipping 82 tick(s)
[22:57:40] [Server thread/INFO]: <Caladcholg> game mode 3
[22:57:40] [Client thread/INFO]: [CHAT] <Caladcholg> game mode 3
[22:57:44] [Server thread/INFO]: Caladcholg has just earned the achievement [Taking Inventory]
[22:57:44] [Client thread/INFO]: [CHAT] Caladcholg has just earned the achievement [Taking Inventory]
[22:57:54] [Server thread/INFO]: <Caladcholg> gamemode 2
[22:57:54] [Client thread/INFO]: [CHAT] <Caladcholg> gamemode 2
[22:58:06] [Server thread/INFO]: <Caladcholg> gamemode 1
[22:58:06] [Client thread/INFO]: [CHAT] <Caladcholg> gamemode 1
[22:58:13] [Server thread/INFO]: Saving and pausing game...
[22:58:13] [Server thread/INFO]: Saving chunks for level 'New World'/Overworld
[22:58:14] [Server thread/INFO]: Saving chunks for level 'New World'/Nether
[22:58:14] [Server thread/INFO]: Saving chunks for level 'New World'/The End
[22:59:32] [Server thread/INFO]: Saving and pausing game...
[22:59:32] [Server thread/INFO]: Saving chunks for level 'New World'/Overworld
[22:59:32] [Server thread/INFO]: Saving chunks for level 'New World'/Nether
[22:59:32] [Server thread/INFO]: Saving chunks for level 'New World'/The End
[22:59:36] [Server thread/INFO]: Saving and pausing game...
[22:59:36] [Server thread/INFO]: Saving chunks for level 'New World'/Overworld
[22:59:36] [Server thread/INFO]: Saving chunks for level 'New World'/Nether
[22:59:36] [Server thread/INFO]: Saving chunks for level 'New World'/The End
[22:59:43] [Server thread/INFO]: <Caladcholg> gamemode 2
[22:59:43] [Client thread/INFO]: [CHAT] <Caladcholg> gamemode 2
[22:59:52] [Client thread/INFO]: [CHAT] You do not have permission to use this command
[23:00:00] [Server thread/INFO]: Saving and pausing game...
[23:00:00] [Server thread/INFO]: Saving chunks for level 'New World'/Overworld
[23:00:00] [Server thread/INFO]: Saving chunks for level 'New World'/Nether
[23:00:00] [Server thread/INFO]: Saving chunks for level 'New World'/The End
[23:00:07] [Server thread/INFO]: Saving and pausing game...
[23:00:07] [Server thread/INFO]: Saving chunks for level 'New World'/Overworld
[23:00:07] [Server thread/INFO]: Saving chunks for level 'New World'/Nether
[23:00:07] [Server thread/INFO]: Saving chunks for level 'New World'/The End
[23:00:08] [Server thread/INFO]: Stopping server
[23:00:08] [Server thread/INFO]: Saving players
[23:00:08] [Server thread/INFO]: Saving worlds
[23:00:08] [Server thread/INFO]: Saving chunks for level 'New World'/Overworld
[23:00:08] [Server thread/INFO]: Saving chunks for level 'New World'/Nether
[23:00:08] [Server thread/INFO]: Saving chunks for level 'New World'/The End
[23:01:11] [Client thread/INFO]: Deleting level New World
[23:01:11] [Client thread/INFO]: Attempt 1...
[23:01:36] [Server thread/INFO]: Starting integrated minecraft server version 1.8
[23:01:36] [Server thread/INFO]: Generating keypair
[23:01:36] [Server thread/INFO]: Converting map!
[23:01:36] [Server thread/INFO]: Scanning folders...
[23:01:36] [Server thread/INFO]: Total conversion count is 0
[23:01:36] [Server thread/INFO]: Preparing start region for level 0
[23:01:37] [Server thread/INFO]: Preparing spawn area: 11%
[23:01:38] [Server thread/INFO]: Preparing spawn area: 20%
[23:01:39] [Server thread/INFO]: Preparing spawn area: 29%
[23:01:40] [Server thread/INFO]: Preparing spawn area: 38%
[23:01:41] [Server thread/INFO]: Preparing spawn area: 48%
[23:01:42] [Server thread/INFO]: Preparing spawn area: 57%
[23:01:43] [Server thread/INFO]: Preparing spawn area: 68%
[23:01:44] [Server thread/INFO]: Preparing spawn area: 77%
[23:01:45] [Server thread/INFO]: Preparing spawn area: 88%
[23:01:46] [Server thread/INFO]: Changing view distance to 12, from 10
[23:01:46] [Server thread/INFO]: Caladcholg[local:E:712db7c2] logged in with entity id 9309 at (-243.5, 65.0, 195.5)
[23:01:46] [Server thread/INFO]: Caladcholg joined the game
[23:01:53] [Chunk Batcher 1/WARN]: Needed to grow BufferBuilder buffer: Old size 524288 bytes, new size 2621440 bytes.
[23:01:54] [Chunk Batcher 0/WARN]: Needed to grow BufferBuilder buffer: Old size 524288 bytes, new size 2621440 bytes.
[23:01:55] [Server thread/WARN]: Can't keep up! Did the system time change, or is the server overloaded? Running 7346ms behind, skipping 146 tick(s)
[23:01:56] [Server thread/INFO]: Caladcholg has just earned the achievement [Taking Inventory]
[23:01:56] [Client thread/INFO]: [CHAT] Caladcholg has just earned the achievement [Taking Inventory]
[23:02:09] [Chunk Batcher 0/WARN]: Needed to grow BufferBuilder buffer: Old size 524288 bytes, new size 2621440 bytes.
[23:02:12] [Server thread/WARN]: Can't keep up! Did the system time change, or is the server overloaded? Running 6260ms behind, skipping 125 tick(s)
[23:02:16] [Chunk Batcher 0/WARN]: Needed to grow BufferBuilder buffer: Old size 524288 bytes, new size 2621440 bytes.
[23:02:23] [Chunk Batcher 0/WARN]: Needed to grow BufferBuilder buffer: Old size 524288 bytes, new size 2621440 bytes.
[23:02:52] [Server thread/WARN]: Can't keep up! Did the system time change, or is the server overloaded? Running 28626ms behind, skipping 572 tick(s)
[23:02:57] [Server thread/WARN]: Can't keep up! Did the system time change, or is the server overloaded? Running 4237ms behind, skipping 84 tick(s)
[23:04:20] [Server thread/INFO]: Saving and pausing game...
[23:04:20] [Server thread/INFO]: Saving chunks for level 'New World'/Overworld
[23:04:20] [Server thread/INFO]: Saving chunks for level 'New World'/Nether
[23:04:20] [Server thread/INFO]: Saving chunks for level 'New World'/The End
[23:06:53] [Server thread/INFO]: Saving and pausing game...
[23:06:53] [Server thread/INFO]: Saving chunks for level 'New World'/Overworld
[23:06:53] [Server thread/INFO]: Saving chunks for level 'New World'/Nether
[23:06:53] [Server thread/INFO]: Saving chunks for level 'New World'/The End
[23:07:43] [Server thread/INFO]: Saving and pausing game...
[23:07:43] [Server thread/INFO]: Saving chunks for level 'New World'/Overworld
[23:07:43] [Server thread/INFO]: Saving chunks for level 'New World'/Nether
[23:07:43] [Server thread/INFO]: Saving chunks for level 'New World'/The End
[23:07:45] [Server thread/INFO]: Saving and pausing game...
[23:07:45] [Server thread/INFO]: Saving chunks for level 'New World'/Overworld
[23:07:46] [Server thread/INFO]: Saving chunks for level 'New World'/Nether
[23:07:46] [Server thread/INFO]: Saving chunks for level 'New World'/The End
[23:07:49] [Server thread/INFO]: Saving and pausing game...
[23:07:49] [Server thread/INFO]: Saving chunks for level 'New World'/Overworld
[23:07:49] [Server thread/INFO]: Saving chunks for level 'New World'/Nether
[23:07:49] [Server thread/INFO]: Saving chunks for level 'New World'/The End
[23:08:02] [Server thread/INFO]: Saving and pausing game...
[23:08:02] [Server thread/INFO]: Saving chunks for level 'New World'/Overworld
[23:08:02] [Server thread/INFO]: Saving chunks for level 'New World'/Nether
[23:08:02] [Server thread/INFO]: Saving chunks for level 'New World'/The End
[23:08:03] [Server thread/INFO]: Saving and pausing game...
[23:08:03] [Server thread/INFO]: Saving chunks for level 'New World'/Overworld
[23:08:03] [Server thread/INFO]: Saving chunks for level 'New World'/Nether
[23:08:03] [Server thread/INFO]: Saving chunks for level 'New World'/The End
[23:08:05] [Server thread/INFO]: Saving and pausing game...
[23:08:05] [Server thread/INFO]: Saving chunks for level 'New World'/Overworld
[23:08:05] [Server thread/INFO]: Saving chunks for level 'New World'/Nether
[23:08:05] [Server thread/INFO]: Saving chunks for level 'New World'/The End
[23:08:07] [Server thread/INFO]: Saving and pausing game...
[23:08:07] [Server thread/INFO]: Saving chunks for level 'New World'/Overworld
[23:08:07] [Server thread/INFO]: Saving chunks for level 'New World'/Nether
[23:08:07] [Server thread/INFO]: Saving chunks for level 'New World'/The End
[23:08:09] [Server thread/INFO]: Saving and pausing game...
[23:08:10] [Server thread/INFO]: Saving chunks for level 'New World'/Overworld
[23:08:10] [Server thread/INFO]: Saving chunks for level 'New World'/Nether
[23:08:10] [Server thread/INFO]: Saving chunks for level 'New World'/The End
[23:08:14] [Server thread/INFO]: Saving and pausing game...
[23:08:14] [Server thread/INFO]: Saving chunks for level 'New World'/Overworld
[23:08:14] [Server thread/INFO]: Saving chunks for level 'New World'/Nether
[23:08:14] [Server thread/INFO]: Saving chunks for level 'New World'/The End
[23:08:48] [Server thread/INFO]: Saving and pausing game...
[23:08:48] [Server thread/INFO]: Saving chunks for level 'New World'/Overworld
[23:08:48] [Server thread/INFO]: Saving chunks for level 'New World'/Nether
[23:08:48] [Server thread/INFO]: Saving chunks for level 'New World'/The End
[23:08:49] [Server thread/INFO]: Stopping server
[23:08:49] [Server thread/INFO]: Saving players
[23:08:49] [Server thread/INFO]: Saving worlds
[23:08:49] [Server thread/INFO]: Saving chunks for level 'New World'/Overworld
[23:08:49] [Server thread/INFO]: Saving chunks for level 'New World'/Nether
[23:08:49] [Server thread/INFO]: Saving chunks for level 'New World'/The End
[23:08:52] [Client thread/INFO]: Stopping!
[23:08:52] [Client thread/INFO]: SoundSystem shutting down...
[23:08:52] [Client thread/WARN]: Author: Paul Lamb, www.paulscode.com
